<?xml version="1.0" encoding="UTF-8"?>
<!-- Generated by org.testng.reporters.JUnitReportReporter -->
<testsuite skipped="0" hostname="DESKTOP-I0SPO2S" name="DemoMobileTest.MobileTesting" tests="1" failures="0" timestamp="2020-11-08T19:57:53 IST" time="24.289" errors="0">
  <testcase name="verifySort" time="24.289" classname="DemoMobileTest.MobileTesting"/>
  <system-out/>
</testsuite> <!-- DemoMobileTest.MobileTesting -->
